2019-10-01 10:30:53 [ERROR   ] [__main__.main:285                   ] Could not find any feed for this connection info and day
2019-10-18 16:05:52 [ERROR   ] [menuCrawler.loadAllMensasForWeek:98 ] Could not find any feed for this connection info and day
2019-10-18 16:05:52 [ERROR   ] [menuCrawler.loadAllMensasForWeek:98 ] Could not find any feed for this connection info and day
2019-10-18 16:05:52 [ERROR   ] [menuCrawler.loadAllMensasForWeek:98 ] Could not find any feed for this connection info and day
2019-10-18 16:05:52 [ERROR   ] [menuCrawler.loadAllMensasForWeek:98 ] Could not find any feed for this connection info and day
2019-10-18 16:05:52 [ERROR   ] [menuCrawler.loadAllMensasForWeek:98 ] Could not find any feed for this connection info and day
2019-10-18 16:05:52 [ERROR   ] [menuCrawler.loadAllMensasForWeek:98 ] Could not find any feed for this connection info and day
2019-10-18 16:05:52 [ERROR   ] [menuCrawler.loadAllMensasForWeek:98 ] Could not find any feed for this connection info and day
2019-10-18 16:05:52 [ERROR   ] [menuCrawler.loadAllMensasForWeek:98 ] Could not find any feed for this connection info and day
2019-10-18 16:05:52 [ERROR   ] [menuCrawler.loadAllMensasForWeek:98 ] Could not find any feed for this connection info and day
2019-10-18 16:05:52 [ERROR   ] [menuCrawler.loadAllMensasForWeek:98 ] Could not find any feed for this connection info and day
2019-10-18 16:05:52 [ERROR   ] [menuCrawler.loadAllMensasForWeek:98 ] Could not find any feed for this connection info and day
2019-10-18 16:05:52 [ERROR   ] [menuCrawler.loadAllMensasForWeek:98 ] Could not find any feed for this connection info and day
2019-10-18 16:05:52 [ERROR   ] [menuCrawler.loadAllMensasForWeek:98 ] Could not find any feed for this connection info and day
2019-10-18 16:05:52 [ERROR   ] [menuCrawler.loadAllMensasForWeek:98 ] Could not find any feed for this connection info and day
2019-10-18 16:05:52 [ERROR   ] [menuCrawler.loadAllMensasForWeek:98 ] Could not find any feed for this connection info and day
2019-10-18 16:05:52 [ERROR   ] [menuCrawler.loadAllMensasForWeek:98 ] Could not find any feed for this connection info and day
2019-10-18 16:05:52 [ERROR   ] [menuCrawler.loadAllMensasForWeek:98 ] Could not find any feed for this connection info and day
2019-10-18 16:05:52 [ERROR   ] [menuCrawler.loadAllMensasForWeek:98 ] Could not find any feed for this connection info and day
2019-10-18 16:05:52 [ERROR   ] [menuCrawler.loadAllMensasForWeek:98 ] Could not find any feed for this connection info and day
2019-10-18 16:05:52 [ERROR   ] [menuCrawler.loadAllMensasForWeek:98 ] Could not find any feed for this connection info and day
2019-10-18 16:05:52 [ERROR   ] [menuCrawler.loadAllMensasForWeek:98 ] Could not find any feed for this connection info and day
2019-10-18 16:05:52 [ERROR   ] [menuCrawler.loadAllMensasForWeek:98 ] Could not find any feed for this connection info and day
2019-10-18 16:05:52 [ERROR   ] [menuCrawler.loadAllMensasForWeek:98 ] Could not find any feed for this connection info and day
2019-10-18 16:05:52 [ERROR   ] [menuCrawler.loadAllMensasForWeek:98 ] Could not find any feed for this connection info and day
2019-10-18 16:05:52 [ERROR   ] [menuCrawler.loadAllMensasForWeek:98 ] Could not find any feed for this connection info and day
2019-10-18 16:05:52 [ERROR   ] [menuCrawler.loadAllMensasForWeek:98 ] Could not find any feed for this connection info and day
2019-10-18 16:05:52 [ERROR   ] [menuCrawler.loadAllMensasForWeek:98 ] Could not find any feed for this connection info and day
2019-10-18 16:05:52 [ERROR   ] [menuCrawler.loadAllMensasForWeek:98 ] Could not find any feed for this connection info and day
2019-10-18 16:05:52 [ERROR   ] [menuCrawler.loadAllMensasForWeek:98 ] Could not find any feed for this connection info and day
2019-10-18 16:05:52 [ERROR   ] [menuCrawler.loadAllMensasForWeek:98 ] Could not find any feed for this connection info and day
2019-10-18 16:05:52 [ERROR   ] [menuCrawler.loadAllMensasForWeek:98 ] Could not find any feed for this connection info and day
2019-10-18 16:05:52 [ERROR   ] [menuCrawler.loadAllMensasForWeek:98 ] Could not find any feed for this connection info and day
2020-01-31 16:31:19 [ERROR   ] [werkzeug._log:122                   ] 127.0.0.1 - - [31/Jan/2020 16:31:19] code 400, message Bad request version ('\x8c\x8e\x95X1êÍ\x93ÿo\x13\x13\x98Or\x04\x9cñ\x99ÐÖX7\x84O3M\x9aµ¥¡\x00$\x13\x01\x13\x03\x13\x02À+À/Ì©Ì¨À,À0À')
2020-01-31 16:31:40 [ERROR   ] [werkzeug._log:122                   ] 127.0.0.1 - - [31/Jan/2020 16:31:40] code 400, message Bad request version ('g¶aEq¬\x8bS»\x00$\x13\x01\x13\x03\x13\x02À+À/Ì©Ì¨À,À0À')
2020-01-31 16:31:47 [ERROR   ] [werkzeug._log:122                   ] 127.0.0.1 - - [31/Jan/2020 16:31:47] code 400, message Bad request version ('ÏÌéZÀ$àÎ{')
